2025-06-26 13:07:51,394 - semgrep.run_scan - DEBUG - semgrep version 1.4.0
2025-06-26 13:07:51,404 - semgrep.config_resolver - DEBUG - Loading local config from /home/runner/workspace/.config/.semgrep/semgrep_rules.json
2025-06-26 13:07:51,415 - semgrep.config_resolver - DEBUG - Done loading local config from /home/runner/workspace/.config/.semgrep/semgrep_rules.json
2025-06-26 13:07:51,418 - semgrep.config_resolver - DEBUG - Saving rules to /tmp/semgrep-ngw5iesq.rules
2025-06-26 13:07:52,232 - semgrep.rule_lang - DEBUG - semgrep-core validation response: valid=True
2025-06-26 13:07:52,232 - semgrep.rule_lang - DEBUG - semgrep-core validation succeeded
2025-06-26 13:07:52,232 - semgrep.rule_lang - DEBUG - RPC validation succeeded
2025-06-26 13:07:52,233 - semgrep.config_resolver - DEBUG - loaded 1 configs in 0.8286128044128418
2025-06-26 13:07:52,339 - semgrep.run_scan - VERBOSE - running 714 rules from 1 config /home/runner/workspace/.config/.semgrep/semgrep_rules.json_0
2025-06-26 13:07:52,340 - semgrep.run_scan - VERBOSE - No .semgrepignore found. Using default .semgrepignore rules. See the docs for the list of default ignores: https://semgrep.dev/docs/cli-usage/#ignore-files
2025-06-26 13:07:52,342 - semgrep.run_scan - VERBOSE - Rules:
2025-06-26 13:07:52,342 - semgrep.run_scan - VERBOSE - <SKIPPED DATA (too many entries; use --max-log-list-entries)>
2025-06-26 13:07:53,265 - semgrep.core_runner - DEBUG - Passing whole rules directly to semgrep_core
2025-06-26 13:07:53,568 - semgrep.core_runner - DEBUG - Running Semgrep engine with command:
2025-06-26 13:07:53,568 - semgrep.core_runner - DEBUG - /tmp/_MEIFufFLI/semgrep/bin/opengrep-core -json -rules /tmp/tmphjk6igr6.json -j 8 -targets /tmp/tmpd135iwmw -timeout 5 -timeout_threshold 3 -max_memory 0 -fast
2025-06-26 13:08:26,237 - semgrep.core_runner - DEBUG - --- semgrep-core stderr ---
[00.09][[34mINFO[0m]: Executed as: /tmp/_MEIFufFLI/semgrep/bin/opengrep-core -json -rules /tmp/tmphjk6igr6.json -j 8 -targets /tmp/tmpd135iwmw -timeout 5 -timeout_threshold 3 -max_memory 0 -fast
[00.09][[34mINFO[0m]: Version: 1.4.0
[00.09][[34mINFO[0m]: Parsing rules in /tmp/tmphjk6igr6.json
[00.62][[34mINFO[0m]: scan: processing 577 files (skipping 0), with 456 rules (skipping 0 )
[01.88][[33mWARNING[0m]: Fixpoint timeout while performing taint analysis [rule: config..semgrep.vendored-rules.javascript.lang.security.audit.unsafe-formatstring file: client/src/components/budget/ExpenseForm.tsx func: ???]
[0m[02.06][[33mWARNING[0m]: Fixpoint timeout while performing taint analysis [rule: config..semgrep.vendored-rules.javascript.lang.security.audit.detect-non-literal-require file: client/src/components/budget/ExpenseForm.tsx func: ???]
[0m[02.23][[33mWARNING[0m]: Fixpoint timeout while performing taint analysis [rule: config..semgrep.vendored-rules.javascript.lang.security.audit.detect-non-literal-require file: client/src/components/budget/ExpenseForm.tsx func: ???]
[0m[02.52][[33mWARNING[0m]: Fixpoint timeout while performing taint analysis [rule: config..semgrep.vendored-rules.javascript.express.security.injection.tainted-sql-string file: client/src/components/budget/ExpenseForm.tsx func: ???]
[0m[02.53][[33mWARNING[0m]: Fixpoint timeout while performing taint analysis [rule: config..semgrep.vendored-rules.javascript.lang.security.audit.detect-non-literal-require file: client/src/components/pending-status-screen.tsx func: PendingStatusScreen:8863]
[0m[02.76][[33mWARNING[0m]: Fixpoint timeout while performing taint analysis [rule: config..semgrep.vendored-rules.javascript.express.security.injection.tainted-sql-string file: client/src/components/pending-status-screen.tsx func: PendingStatusScreen:8863]
[0m[03.04][[33mWARNING[0m]: Fixpoint timeout while performing taint analysis [rule: config..semgrep.vendored-rules.javascript.express.security.injection.raw-html-format file: client/src/components/budget/ExpenseForm.tsx func: ???]
[0m[03.08][[33mWARNING[0m]: Fixpoint timeout while performing taint analysis [rule: config..semgrep.vendored-rules.javascript.express.security.injection.raw-html-format file: client/src/components/pending-status-screen.tsx func: PendingStatusScreen:8863]
[0m[03.15][[33mWARNING[0m]: Fixpoint timeout while performing taint analysis [rule: config..semgrep.vendored-rules.javascript.express.security.injection.raw-html-format file: client/src/components/budget/ExpenseForm.tsx func: ???]
[0m[03.32][[33mWARNING[0m]: Fixpoint timeout while performing taint analysis [rule: config..semgrep.vendored-rules.javascript.express.security.audit.res-render-injection file: client/src/components/budget/ExpenseForm.tsx func: ???]
[0m[03.36][[33mWARNING[0m]: Fixpoint timeout while performing taint analysis [rule: config..semgrep.vendored-rules.javascript.express.security.audit.remote-property-injection file: client/src/components/pending-status-screen.tsx func: PendingStatusScreen:8863]
[0m[03.66][[33mWARNING[0m]: Fixpoint timeout while performing taint analysis [rule: config..semgrep.vendored-rules.typescript.react.security.audit.react-href-var file: client/src/components/activity-card.tsx func: ActivityCard:17757]
[0m[03.67][[33mWARNING[0m]: Fixpoint timeout while performing taint analysis [rule: config..semgrep.vendored-rules.javascript.express.security.require-request file: client/src/components/pending-status-screen.tsx func: PendingStatusScreen:8863]
[0m[03.81][[33mWARNING[0m]: Fixpoint timeout while performing taint analysis [rule: config..semgrep.vendored-rules.javascript.lang.security.audit.path-traversal.path-join-resolve-traversal file: client/src/components/activity-card.tsx func: ActivityCard:17757]
[0m[03.89][[33mWARNING[0m]: Fixpoint timeout while performing taint analysis [rule: config..semgrep.vendored-rules.javascript.express.security.x-frame-options-misconfiguration file: client/src/components/budget/ExpenseForm.tsx func: ???]
[0m[04.01][[33mWARNING[0m]: Fixpoint timeout while performing taint analysis [rule: config..semgrep.vendored-rules.javascript.lang.security.audit.detect-non-literal-require file: client/src/components/activity-card.tsx func: ActivityCard:17757]
[0m[04.02][[33mWARNING[0m]: Fixpoint timeout while performing taint analysis [rule: config..semgrep.vendored-rules.javascript.express.security.x-frame-options-misconfiguration file: client/src/components/budget/ExpenseForm.tsx func: ???]
[0m[04.29][[33mWARNING[0m]: Fixpoint timeout while performing taint analysis [rule: config..semgrep.vendored-rules.javascript.express.security.injection.raw-html-format file: client/src/components/activity-card.tsx func: ActivityCard:17757]
[0m[04.46][[33mWARNING[0m]: Fixpoint timeout while performing taint analysis [rule: config..semgrep.vendored-rules.javascript.browser.security.js-open-redirect-from-function file: client/src/components/activity-card.tsx func: ActivityCard:17757]
[0m[04.73][[33mWARNING[0m]: Fixpoint timeout while performing taint analysis [rule: config..semgrep.vendored-rules.javascript.express.security.injection.tainted-sql-string file: client/src/pages/flights.tsx func: Flights:28150]
[0m[04.85][[33mWARNING[0m]: Fixpoint timeout while performing taint analysis [rule: config..semgrep.vendored-rules.javascript.express.security.injection.raw-html-format file: client/src/pages/flights.tsx func: Flights:28150]
[0m[05.19][[33mWARNING[0m]: Fixpoint timeout while performing taint analysis [rule: config..semgrep.vendored-rules.javascript.lang.security.audit.detect-non-literal-require file: client/src/components/budget/ComprehensiveBudgetView.tsx func: ???]
[0m[05.44][[33mWARNING[0m]: Fixpoint timeout while performing taint analysis [rule: config..semgrep.vendored-rules.javascript.express.security.injection.tainted-sql-string file: client/src/components/budget/ComprehensiveBudgetView.tsx func: ???]
[0m[05.55][[33mWARNING[0m]: Fixpoint timeout while performing taint analysis [rule: config..semgrep.vendored-rules.javascript.express.security.injection.tainted-sql-string file: client/src/components/budget/ComprehensiveBudgetView.tsx func: ???]
[0m[05.82][[33mWARNING[0m]: Fixpoint timeout while performing taint analysis [rule: config..semgrep.vendored-rules.javascript.express.security.injection.raw-html-format file: client/src/components/budget/ComprehensiveBudgetView.tsx func: ???]
[0m[05.96][[33mWARNING[0m]: Fixpoint timeout while performing taint analysis [rule: config..semgrep.vendored-rules.javascript.express.security.injection.raw-html-format file: client/src/components/budget/ComprehensiveBudgetView.tsx func: ???]
[0m[06.15][[33mWARNING[0m]: Fixpoint timeout while performing taint analysis [rule: config..semgrep.vendored-rules.javascript.express.security.audit.res-render-injection file: client/src/components/budget/ComprehensiveBudgetView.tsx func: ???]
[0m[06.54][[33mWARNING[0m]: Fixpoint timeout while performing taint analysis [rule: config..semgrep.vendored-rules.javascript.express.security.x-frame-options-misconfiguration file: client/src/components/budget/ComprehensiveBudgetView.tsx func: ???]
[0m[06.63][[33mWARNING[0m]: Fixpoint timeout while performing taint analysis [rule: config..semgrep.vendored-rules.javascript.express.security.require-request file: client/src/components/budget/ComprehensiveBudgetView.tsx func: ???]
[0m[06.73][[33mWARNING[0m]: Fixpoint timeout while performing taint analysis [rule: config..semgrep.vendored-rules.javascript.express.security.require-request file: client/src/components/budget/ComprehensiveBudgetView.tsx func: ???]
[0m[06.81][[33mWARNING[0m]: Fixpoint timeout while performing taint analysis [rule: config..semgrep.vendored-rules.javascript.lang.security.audit.detect-non-literal-require file: client/src/components/SettlementWorkflow.tsx func: SettlementWorkflow:76722]
[0m[07.04][[33mWARNING[0m]: Fixpoint timeout while performing taint analysis [rule: config..semgrep.vendored-rules.javascript.express.security.express-insecure-template-usage file: client/src/components/budget/ComprehensiveBudgetView.tsx func: ???]
[0m[07.20][[33mWARNING[0m]: Fixpoint timeout while performing taint analysis [rule: config..semgrep.vendored-rules.javascript.express.security.cors-misconfiguration file: client/src/components/budget/ComprehensiveBudgetView.tsx func: ???]
[0m[07.30][[33mWARNING[0m]: Fixpoint timeout while performing taint analysis [rule: config..semgrep.vendored-rules.javascript.express.security.cors-misconfiguration file: client/src/components/budget/ComprehensiveBudgetView.tsx func: ???]
[0m[07.75][[33mWARNING[0m]: Fixpoint timeout while performing taint analysis [rule: config..semgrep.vendored-rules.javascript.lang.security.audit.detect-non-literal-require file: client/src/components/ui/sidebar.tsx func: ???]
[0m[08.18][[33mWARNING[0m]: Fixpoint timeout while performing taint analysis [rule: config..semgrep.vendored-rules.javascript.express.security.injection.raw-html-format file: client/src/pages/activity-details.tsx func: ActivityDetails:92365]
[0m[08.36][[33mWARNING[0m]: Fixpoint timeout while performing taint analysis [rule: config..semgrep.vendored-rules.javascript.lang.security.audit.unsafe-formatstring file: client/src/pages/itinerary.tsx func: Itinerary:101270]
[0m[08.47][[33mWARNING[0m]: Fixpoint timeout while performing taint analysis [rule: config..semgrep.vendored-rules.javascript.lang.security.audit.unsafe-formatstring file: client/src/components/budget/AutoBudgetEstimator.tsx func: ???]
[0m[08.67][[33mWARNING[0m]: Fixpoint timeout while performing taint analysis [rule: config..semgrep.vendored-rules.javascript.lang.security.audit.detect-non-literal-require file: client/src/components/budget/AutoBudgetEstimator.tsx func: ???]
[0m[08.78][[33mWARNING[0m]: Fixpoint timeout while performing taint analysis [rule: config..semgrep.vendored-rules.javascript.express.security.injection.raw-html-format file: client/src/pages/itinerary.tsx func: Itinerary:101270]
[0m[08.82][[33mWARNING[0m]: Fixpoint timeout while performing taint analysis [rule: config..semgrep.vendored-rules.javascript.lang.security.audit.detect-non-literal-require file: client/src/components/budget/AutoBudgetEstimator.tsx func: ???]
[0m[08.89][[33mWARNING[0m]: Fixpoint timeout while performing taint analysis [rule: config..semgrep.vendored-rules.javascript.lang.security.audit.detect-non-literal-require file: client/src/components/budget/AutoBudgetEstimator.tsx func: ???]
[0m[08.92][[33mWARNING[0m]: Fixpoint timeout while performing taint analysis [rule: config..semgrep.vendored-rules.javascript.lang.security.audit.detect-non-literal-require file: client/src/components/budget/AutoBudgetEstimator.tsx func: ???]
[0m[09.08][[33mWARNING[0m]: Fixpoint timeout while performing taint analysis [rule: config..semgrep.vendored-rules.javascript.express.security.express-wkhtmltoimage-injection file: client/src/pages/itinerary.tsx func: Itinerary:101270]
[0m[09.21][[33mWARNING[0m]: Fixpoint timeout while performing taint analysis [rule: config..semgrep.vendored-rules.javascript.lang.security.audit.path-traversal.path-join-resolve-traversal file: client/src/pages/chat.tsx func: Chat:120729]
[0m[09.22][[33mWARNING[0m]: Fixpoint timeout while performing taint analysis [rule: config..semgrep.vendored-rules.javascript.lang.security.audit.detect-non-literal-require file: client/src/components/city-autocomplete.tsx func: ???]
[0m[09.39][[33mWARNING[0m]: Fixpoint timeout while performing taint analysis [rule: config..semgrep.vendored-rules.javascript.lang.security.audit.detect-non-literal-require file: client/src/pages/chat.tsx func: Chat:120729]
[0m[10.77][[33mWARNING[0m]: Fixpoint timeout while performing taint analysis [rule: config..semgrep.vendored-rules.javascript.lang.security.audit.detect-non-literal-require file: server/db-storage.ts func: calculateExpenseBalances:142569]
[0m[10.97][[33mWARNING[0m]: Fixpoint timeout while performing taint analysis [rule: config..semgrep.vendored-rules.javascript.lang.security.audit.unsafe-formatstring file: client/src/pages/expenses.tsx func: ExpensesPage:147286]
[0m[11.15][[33mWARNING[0m]: Fixpoint timeout while performing taint analysis [rule: config..semgrep.vendored-rules.javascript.lang.security.audit.detect-non-literal-require file: shared/schema.ts func: ???]
[0m[11.51][[33mWARNING[0m]: Fixpoint timeout while performing taint analysis [rule: config..semgrep.vendored-rules.javascript.express.security.injection.raw-html-format file: client/src/pages/expenses.tsx func: ExpensesPage:147286]
[0m[11.79][[33mWARNING[0m]: Fixpoint timeout while performing taint analysis [rule: config..semgrep.vendored-rules.javascript.express.security.audit.remote-property-injection file: client/src/pages/expenses.tsx func: ExpensesPage:147286]
[0m[12.13][[33mWARNING[0m]: Fixpoint timeout while performing taint analysis [rule: config..semgrep.vendored-rules.javascript.express.security.require-request file: client/src/pages/expenses.tsx func: ExpensesPage:147286]
[0m[12.74][[33mWARNING[0m]: Fixpoint timeout while performing taint analysis [rule: config..semgrep.vendored-rules.typescript.react.security.audit.react-href-var file: client/src/pages/trip-details.tsx func: TripDetails:170390]
[0m[13.09][[33mWARNING[0m]: Fixpoint timeout while performing taint analysis [rule: config..semgrep.vendored-rules.javascript.lang.security.audit.detect-non-literal-require file: client/src/components/invite-modal.tsx func: InviteModal:175728]
[0m[13.10][[33mWARNING[0m]: Fixpoint timeout while performing taint analysis [rule: config..semgrep.vendored-rules.javascript.lang.security.audit.detect-non-literal-require file: client/src/components/invite-modal.tsx func: InviteModal:175728]
[0m[13.21][[33mWARNING[0m]: Fixpoint timeout while performing taint analysis [rule: config..semgrep.vendored-rules.javascript.lang.security.audit.sqli.node-postgres-sqli file: server/routes.ts func: registerRoutes:162507]
[0m[13.37][[33mWARNING[0m]: Fixpoint timeout while performing taint analysis [rule: config..semgrep.vendored-rules.javascript.express.security.audit.remote-property-injection file: client/src/pages/trip-details.tsx func: TripDetails:170390]
[0m[13.86][[33mWARNING[0m]: Fixpoint timeout while performing taint analysis [rule: config..semgrep.vendored-rules.javascript.lang.security.audit.detect-non-literal-fs-filename file: client/src/components/invite-modal.tsx func: InviteModal:175728]
[0m[13.87][[33mWARNING[0m]: Fixpoint timeout while performing taint analysis [rule: config..semgrep.vendored-rules.javascript.lang.security.audit.detect-non-literal-fs-filename file: client/src/components/invite-modal.tsx func: InviteModal:175728]
[0m[13.98][[33mWARNING[0m]: Fixpoint timeout while performing taint analysis [rule: config..semgrep.vendored-rules.javascript.express.security.injection.raw-html-format file: client/src/components/budget/ExpenseList.tsx func: ???]
[0m[14.27][[33mWARNING[0m]: Fixpoint timeout while performing taint analysis [rule: config..semgrep.vendored-rules.javascript.express.security.injection.raw-html-format file: client/src/components/invite-modal.tsx func: InviteModal:175728]
[0m[14.31][[33mWARNING[0m]: Fixpoint timeout while performing taint analysis [rule: config..semgrep.vendored-rules.javascript.express.security.require-request file: client/src/pages/trip-details.tsx func: TripDetails:170390]
[0m[14.44][[33mWARNING[0m]: Fixpoint timeout while performing taint analysis [rule: config..semgrep.vendored-rules.javascript.express.security.cors-misconfiguration file: client/src/pages/trip-details.tsx func: TripDetails:170390]
[0m[14.55][[33mWARNING[0m]: Fixpoint timeout while performing taint analysis [rule: config..semgrep.vendored-rules.javascript.lang.security.audit.path-traversal.path-join-resolve-traversal file: server/routes.ts func: registerRoutes:162507]
[0m[14.63][[33mWARNING[0m]: Fixpoint timeout while performing taint analysis [rule: config..semgrep.vendored-rules.javascript.lang.security.audit.path-traversal.path-join-resolve-traversal file: server/routes.ts func: registerRoutes:162507]
[0m[14.63][[33mWARNING[0m]: Fixpoint timeout while performing taint analysis [rule: config..semgrep.vendored-rules.javascript.browser.security.js-open-redirect-from-function file: client/src/pages/trip-details.tsx func: TripDetails:170390]
[0m[14.73][[33mWARNING[0m]: Fixpoint timeout while performing taint analysis [rule: config..semgrep.vendored-rules.javascript.lang.security.audit.path-traversal.path-join-resolve-traversal file: server/routes.ts func: registerRoutes:162507]
[0m[14.99][[33mWARNING[0m]: Fixpoint timeout while performing taint analysis [rule: config..semgrep.vendored-rules.javascript.lang.security.audit.path-traversal.path-join-resolve-traversal file: server/routes.ts func: registerRoutes:162507]
[0m[15.07][[33mWARNING[0m]: Fixpoint timeout while performing taint analysis [rule: config..semgrep.vendored-rules.javascript.lang.security.audit.path-traversal.path-join-resolve-traversal file: server/routes.ts func: registerRoutes:162507]
[0m[15.33][[33mWARNING[0m]: Fixpoint timeout while performing taint analysis [rule: config..semgrep.vendored-rules.javascript.lang.security.audit.path-traversal.path-join-resolve-traversal file: server/routes.ts func: registerRoutes:162507]
[0m[15.38][[33mWARNING[0m]: Fixpoint timeout while performing taint analysis [rule: config..semgrep.vendored-rules.javascript.lang.security.audit.path-traversal.path-join-resolve-traversal file: server/routes.ts func: registerRoutes:162507]
[0m[15.64][[33mWARNING[0m]: Fixpoint timeout while performing taint analysis [rule: config..semgrep.vendored-rules.javascript.lang.security.audit.unsafe-formatstring file: server/routes.ts func: registerRoutes:162507]
[0m[16.03][[33mWARNING[0m]: Fixpoint timeout while performing taint analysis [rule: config..semgrep.vendored-rules.javascript.lang.security.audit.detect-non-literal-require file: server/routes.ts func: registerRoutes:162507]
[0m[16.38][[33mWARNING[0m]: Fixpoint timeout while performing taint analysis [rule: config..semgrep.vendored-rules.javascript.lang.security.audit.detect-non-literal-require file: server/routes.ts func: registerRoutes:162507]
[0m[17.11][[33mWARNING[0m]: Fixpoint timeout while performing taint analysis [rule: config..semgrep.vendored-rules.javascript.lang.security.audit.code-string-concat file: server/routes.ts func: registerRoutes:162507]
[0m[17.73][[33mWARNING[0m]: Fixpoint timeout while performing taint analysis [rule: config..semgrep.vendored-rules.javascript.lang.security.audit.code-string-concat file: server/routes.ts func: registerRoutes:162507]
[0m[17.85][[33mWARNING[0m]: Fixpoint timeout while performing taint analysis [rule: config..semgrep.vendored-rules.javascript.lang.security.audit.code-string-concat file: server/routes.ts func: registerRoutes:162507]
[0m[18.86][[33mWARNING[0m]: Fixpoint timeout while performing taint analysis [rule: config..semgrep.vendored-rules.javascript.express.security.injection.tainted-sql-string file: server/routes.ts func: registerRoutes:162507]
[0m[19.73][[33mWARNING[0m]: Fixpoint timeout while performing taint analysis [rule: config..semgrep.vendored-rules.javascript.express.security.injection.raw-html-format file: server/routes.ts func: registerRoutes:162507]
[0m[20.33][[33mWARNING[0m]: Fixpoint timeout while performing taint analysis [rule: config..semgrep.vendored-rules.javascript.express.security.injection.raw-html-format file: server/routes.ts func: registerRoutes:162507]
[0m[20.43][[33mWARNING[0m]: Fixpoint timeout while performing taint analysis [rule: config..semgrep.vendored-rules.javascript.express.security.injection.raw-html-format file: server/routes.ts func: registerRoutes:162507]
[0m[21.59][[33mWARNING[0m]: Fixpoint timeout while performing taint analysis [rule: config..semgrep.vendored-rules.javascript.express.security.audit.xss.direct-response-write file: server/routes.ts func: registerRoutes:162507]
[0m[22.22][[33mWARNING[0m]: Fixpoint timeout while performing taint analysis [rule: config..semgrep.vendored-rules.javascript.express.security.audit.xss.direct-response-write file: server/routes.ts func: registerRoutes:162507]
[0m[22.31][[33mWARNING[0m]: Fixpoint timeout while performing taint analysis [rule: config..semgrep.vendored-rules.javascript.express.security.audit.xss.direct-response-write file: server/routes.ts func: registerRoutes:162507]
[0m[22.98][[33mWARNING[0m]: Fixpoint timeout while performing taint analysis [rule: config..semgrep.vendored-rules.javascript.express.security.audit.remote-property-injection file: server/routes.ts func: registerRoutes:162507]
[0m[24.04][[33mWARNING[0m]: Fixpoint timeout while performing taint analysis [rule: config..semgrep.vendored-rules.javascript.express.security.audit.express-ssrf file: server/routes.ts func: registerRoutes:162507]
[0m[24.64][[33mWARNING[0m]: Fixpoint timeout while performing taint analysis [rule: config..semgrep.vendored-rules.javascript.express.security.audit.express-path-join-resolve-traversal file: server/routes.ts func: registerRoutes:162507]
[0m[25.21][[33mWARNING[0m]: Fixpoint timeout while performing taint analysis [rule: config..semgrep.vendored-rules.javascript.express.security.audit.express-path-join-resolve-traversal file: server/routes.ts func: registerRoutes:162507]
[0m[25.30][[33mWARNING[0m]: Fixpoint timeout while performing taint analysis [rule: config..semgrep.vendored-rules.javascript.express.security.audit.express-path-join-resolve-traversal file: server/routes.ts func: registerRoutes:162507]
[0m[25.95][[33mWARNING[0m]: Fixpoint timeout while performing taint analysis [rule: config..semgrep.vendored-rules.javascript.express.security.x-frame-options-misconfiguration file: server/routes.ts func: registerRoutes:162507]
[0m[26.55][[33mWARNING[0m]: Fixpoint timeout while performing taint analysis [rule: config..semgrep.vendored-rules.javascript.express.security.x-frame-options-misconfiguration file: server/routes.ts func: registerRoutes:162507]
[0m[26.65][[33mWARNING[0m]: Fixpoint timeout while performing taint analysis [rule: config..semgrep.vendored-rules.javascript.express.security.x-frame-options-misconfiguration file: server/routes.ts func: registerRoutes:162507]
[0m[27.25][[33mWARNING[0m]: Fixpoint timeout while performing taint analysis [rule: config..semgrep.vendored-rules.javascript.express.security.require-request file: server/routes.ts func: registerRoutes:162507]
[0m[27.83][[33mWARNING[0m]: Fixpoint timeout while performing taint analysis [rule: config..semgrep.vendored-rules.javascript.express.security.require-request file: server/routes.ts func: registerRoutes:162507]
[0m[27.94][[33mWARNING[0m]: Fixpoint timeout while performing taint analysis [rule: config..semgrep.vendored-rules.javascript.express.security.require-request file: server/routes.ts func: registerRoutes:162507]
[0m[28.58][[33mWARNING[0m]: Fixpoint timeout while performing taint analysis [rule: config..semgrep.vendored-rules.javascript.express.security.cors-misconfiguration file: server/routes.ts func: registerRoutes:162507]
[0m[29.21][[33mWARNING[0m]: Fixpoint timeout while performing taint analysis [rule: config..semgrep.vendored-rules.javascript.express.security.cors-misconfiguration file: server/routes.ts func: registerRoutes:162507]
[0m[29.30][[33mWARNING[0m]: Fixpoint timeout while performing taint analysis [rule: config..semgrep.vendored-rules.javascript.express.security.cors-misconfiguration file: server/routes.ts func: registerRoutes:162507]
[0m--- end semgrep-core stderr ---
2025-06-26 13:08:26,327 - semgrep.rule_match - DEBUG - match_key = ('', PosixPath('client/index.html'), 'config..semgrep.vendored-rules.html.security.audit.missing-integrity') match_id = 0ee74fd49637bebe183eca7188dbde26e386314e62cc2e7ba1ee60b377b638243fcd84e6c6fa04886198ccacfa6a711bfbcc61a28f9ddc913d5b3c53083cbc90_0
2025-06-26 13:08:26,328 - semgrep.rule_match - DEBUG - match_key = (' rel="stylesheet" href="https://cdn.jsdelivr.net/npm/remixicon@3.5.0/fonts/remixicon.css" / (?is).*integrity= (google-analytics\\.com|fonts\\.googleapis\\.com|fonts\\.gstatic\\.com|googletagmanager\\.com) .*rel\\s*=\\s*[\'"]?preconnect.* href="... :// ..." href="//..." href=\'... :// ...\' href=\'//...\' src="... :// ..." src="//..." src=\'... :// ...\' src=\'//...\' <link  rel="stylesheet" href="https://cdn.jsdelivr.net/npm/remixicon@3.5.0/fonts/remixicon.css" / > <script  rel="stylesheet" href="https://cdn.jsdelivr.net/npm/remixicon@3.5.0/fonts/remixicon.css" / >...</script>', PosixPath('client/index.html'), 'config..semgrep.vendored-rules.html.security.audit.missing-integrity') match_id = cf712b3bba05d85e01069ed1d6d2c21654da7bb3a861503d0cba25ff213573b46ac18edca975d24fb88cf7ae56d7b1dfd60b4eda87059e9d2b71dca89d767fb1_0
2025-06-26 13:08:26,329 - semgrep.rule_match - DEBUG - match_key = (' rel="stylesheet" href="https://cdn.jsdelivr.net/npm/remixicon@3.5.0/fonts/remixicon.css" / (?is).*integrity= (google-analytics\\.com|fonts\\.googleapis\\.com|fonts\\.gstatic\\.com|googletagmanager\\.com) .*rel\\s*=\\s*[\'"]?preconnect.* href="... :// ..." href="//..." href=\'... :// ...\' href=\'//...\' src="... :// ..." src="//..." src=\'... :// ...\' src=\'//...\' <link  rel="stylesheet" href="https://cdn.jsdelivr.net/npm/remixicon@3.5.0/fonts/remixicon.css" / > <script  rel="stylesheet" href="https://cdn.jsdelivr.net/npm/remixicon@3.5.0/fonts/remixicon.css" / >...</script>', PosixPath('client/index.html'), 'config..semgrep.vendored-rules.html.security.audit.missing-integrity') match_id = cf712b3bba05d85e01069ed1d6d2c21654da7bb3a861503d0cba25ff213573b46ac18edca975d24fb88cf7ae56d7b1dfd60b4eda87059e9d2b71dca89d767fb1_0
2025-06-26 13:08:26,329 - semgrep.rule_match - DEBUG - match_key = (' rel="stylesheet" href="https://cdn.jsdelivr.net/npm/remixicon@3.5.0/fonts/remixicon.css" / (?is).*integrity= (google-analytics\\.com|fonts\\.googleapis\\.com|fonts\\.gstatic\\.com|googletagmanager\\.com) .*rel\\s*=\\s*[\'"]?preconnect.* href="... :// ..." href="//..." href=\'... :// ...\' href=\'//...\' src="... :// ..." src="//..." src=\'... :// ...\' src=\'//...\' <link  rel="stylesheet" href="https://cdn.jsdelivr.net/npm/remixicon@3.5.0/fonts/remixicon.css" / > <script  rel="stylesheet" href="https://cdn.jsdelivr.net/npm/remixicon@3.5.0/fonts/remixicon.css" / >...</script>', PosixPath('client/index.html'), 'config..semgrep.vendored-rules.html.security.audit.missing-integrity') match_id = cf712b3bba05d85e01069ed1d6d2c21654da7bb3a861503d0cba25ff213573b46ac18edca975d24fb88cf7ae56d7b1dfd60b4eda87059e9d2b71dca89d767fb1_0
2025-06-26 13:08:26,330 - semgrep.rule_match - DEBUG - match_key = ('', PosixPath('client/index.html'), 'config..semgrep.vendored-rules.html.security.audit.missing-integrity') match_id = 0ee74fd49637bebe183eca7188dbde26e386314e62cc2e7ba1ee60b377b638243fcd84e6c6fa04886198ccacfa6a711bfbcc61a28f9ddc913d5b3c53083cbc90_0
2025-06-26 13:08:26,330 - semgrep.rule_match - DEBUG - match_key = (' type="text/javascript" src="https://replit.com/public/js/replit-dev-banner.js" (?is).*integrity= (google-analytics\\.com|fonts\\.googleapis\\.com|fonts\\.gstatic\\.com|googletagmanager\\.com) .*rel\\s*=\\s*[\'"]?preconnect.* href="... :// ..." href="//..." href=\'... :// ...\' href=\'//...\' src="... :// ..." src="//..." src=\'... :// ...\' src=\'//...\' <link  type="text/javascript" src="https://replit.com/public/js/replit-dev-banner.js" > <script  type="text/javascript" src="https://replit.com/public/js/replit-dev-banner.js" >...</script>', PosixPath('client/index.html'), 'config..semgrep.vendored-rules.html.security.audit.missing-integrity') match_id = 0728b64e224596592d04447ba8a642ff94e1fb9fcc07be26d49dc7e7f6898e638ad16ffcaca086932c58f4c6400fe32603323afef02cf9bfebcb0e4a53562a40_0
2025-06-26 13:08:26,331 - semgrep.rule_match - DEBUG - match_key = (' type="text/javascript" src="https://replit.com/public/js/replit-dev-banner.js" (?is).*integrity= (google-analytics\\.com|fonts\\.googleapis\\.com|fonts\\.gstatic\\.com|googletagmanager\\.com) .*rel\\s*=\\s*[\'"]?preconnect.* href="... :// ..." href="//..." href=\'... :// ...\' href=\'//...\' src="... :// ..." src="//..." src=\'... :// ...\' src=\'//...\' <link  type="text/javascript" src="https://replit.com/public/js/replit-dev-banner.js" > <script  type="text/javascript" src="https://replit.com/public/js/replit-dev-banner.js" >...</script>', PosixPath('client/index.html'), 'config..semgrep.vendored-rules.html.security.audit.missing-integrity') match_id = 0728b64e224596592d04447ba8a642ff94e1fb9fcc07be26d49dc7e7f6898e638ad16ffcaca086932c58f4c6400fe32603323afef02cf9bfebcb0e4a53562a40_0
2025-06-26 13:08:26,331 - semgrep.rule_match - DEBUG - match_key = (' type="text/javascript" src="https://replit.com/public/js/replit-dev-banner.js" (?is).*integrity= (google-analytics\\.com|fonts\\.googleapis\\.com|fonts\\.gstatic\\.com|googletagmanager\\.com) .*rel\\s*=\\s*[\'"]?preconnect.* href="... :// ..." href="//..." href=\'... :// ...\' href=\'//...\' src="... :// ..." src="//..." src=\'... :// ...\' src=\'//...\' <link  type="text/javascript" src="https://replit.com/public/js/replit-dev-banner.js" > <script  type="text/javascript" src="https://replit.com/public/js/replit-dev-banner.js" >...</script>', PosixPath('client/index.html'), 'config..semgrep.vendored-rules.html.security.audit.missing-integrity') match_id = 0728b64e224596592d04447ba8a642ff94e1fb9fcc07be26d49dc7e7f6898e638ad16ffcaca086932c58f4c6400fe32603323afef02cf9bfebcb0e4a53562a40_0
2025-06-26 13:08:26,332 - semgrep.rule_match - DEBUG - match_key = ('', PosixPath('client/package.json'), 'config..semgrep.replit-rules.javascript.vite.security.audit.vite-vulnerability-check') match_id = f604e63034361c622774325f48b2a7c11af2f2cef6b93bd30efc7237eb84a941d3c20df5ad68849275ac9d3467ea95295aacc6fcd5846371060bec61105fceee_0
2025-06-26 13:08:26,332 - semgrep.rule_match - DEBUG - match_key = ('"_shrinkwrap": {\n  ...\n} "dependencies": {\n  ...\n}\n "devDependencies": {\n  ...\n}\n "optionalDependencies": {\n  ...\n}\n "peerDependencies": {\n  ...\n}\n "vite"\\s*:\\s*"(latest|>=\\s*[0-6]\\.\\d+\\.\\d+)" "vite"\\s*:\\s*"[\\^~]?4\\.([0-4]\\.\\d+|5\\.[0-9])" "vite"\\s*:\\s*"[\\^~]?5\\.([0-3]\\.\\d+|4\\.(1[0-4]|[0-9]))" "vite"\\s*:\\s*"[\\^~]?6\\.0\\.(1[01]|[0-9])" "vite"\\s*:\\s*"[\\^~]?6\\.1\\.[01]" "vite"\\s*:\\s*"[\\^~]?6\\.2\\.[0-2]" "vite"\\s*:\\s*"\\^([0-4]\\.\\d+\\.\\d+|5\\.[0-3]\\.\\d+|5\\.4\\.(1[0-4]|[0-9])|6\\.0\\.(1[01]|[0-9])|6\\.1\\.[01]|6\\.2\\.[0-2])" "vite"\\s*:\\s*"~([0-4]\\.\\d+\\.\\d+|5\\.[0-3]\\.\\d+|5\\.4\\.(1[0-4]|[0-9])|6\\.0\\.(1[01]|[0-9])|6\\.1\\.[01]|6\\.2\\.[0-2])"', PosixPath('client/package.json'), 'config..semgrep.replit-rules.javascript.vite.security.audit.vite-vulnerability-check') match_id = f8b678cf862dbdd87932ab20195dc4ee8a7e0f4686fee4d59cf44134ce538cbe5d5fe1fda31caa0fb7f0906e6736a1f4b2ef02b9e5ace2c567c764a86a7d5e1c_0
2025-06-26 13:08:26,333 - semgrep.rule_match - DEBUG - match_key = ('"_shrinkwrap": {\n  ...\n} "dependencies": {\n  ...\n}\n "devDependencies": {\n  ...\n}\n "optionalDependencies": {\n  ...\n}\n "peerDependencies": {\n  ...\n}\n "vite"\\s*:\\s*"(latest|>=\\s*[0-6]\\.\\d+\\.\\d+)" "vite"\\s*:\\s*"[\\^~]?4\\.([0-4]\\.\\d+|5\\.[0-9])" "vite"\\s*:\\s*"[\\^~]?5\\.([0-3]\\.\\d+|4\\.(1[0-4]|[0-9]))" "vite"\\s*:\\s*"[\\^~]?6\\.0\\.(1[01]|[0-9])" "vite"\\s*:\\s*"[\\^~]?6\\.1\\.[01]" "vite"\\s*:\\s*"[\\^~]?6\\.2\\.[0-2]" "vite"\\s*:\\s*"\\^([0-4]\\.\\d+\\.\\d+|5\\.[0-3]\\.\\d+|5\\.4\\.(1[0-4]|[0-9])|6\\.0\\.(1[01]|[0-9])|6\\.1\\.[01]|6\\.2\\.[0-2])" "vite"\\s*:\\s*"~([0-4]\\.\\d+\\.\\d+|5\\.[0-3]\\.\\d+|5\\.4\\.(1[0-4]|[0-9])|6\\.0\\.(1[01]|[0-9])|6\\.1\\.[01]|6\\.2\\.[0-2])"', PosixPath('client/package.json'), 'config..semgrep.replit-rules.javascript.vite.security.audit.vite-vulnerability-check') match_id = f8b678cf862dbdd87932ab20195dc4ee8a7e0f4686fee4d59cf44134ce538cbe5d5fe1fda31caa0fb7f0906e6736a1f4b2ef02b9e5ace2c567c764a86a7d5e1c_0
2025-06-26 13:08:26,333 - semgrep.rule_match - DEBUG - match_key = ('"_shrinkwrap": {\n  ...\n} "dependencies": {\n  ...\n}\n "devDependencies": {\n  ...\n}\n "optionalDependencies": {\n  ...\n}\n "peerDependencies": {\n  ...\n}\n "vite"\\s*:\\s*"(latest|>=\\s*[0-6]\\.\\d+\\.\\d+)" "vite"\\s*:\\s*"[\\^~]?4\\.([0-4]\\.\\d+|5\\.[0-9])" "vite"\\s*:\\s*"[\\^~]?5\\.([0-3]\\.\\d+|4\\.(1[0-4]|[0-9]))" "vite"\\s*:\\s*"[\\^~]?6\\.0\\.(1[01]|[0-9])" "vite"\\s*:\\s*"[\\^~]?6\\.1\\.[01]" "vite"\\s*:\\s*"[\\^~]?6\\.2\\.[0-2]" "vite"\\s*:\\s*"\\^([0-4]\\.\\d+\\.\\d+|5\\.[0-3]\\.\\d+|5\\.4\\.(1[0-4]|[0-9])|6\\.0\\.(1[01]|[0-9])|6\\.1\\.[01]|6\\.2\\.[0-2])" "vite"\\s*:\\s*"~([0-4]\\.\\d+\\.\\d+|5\\.[0-3]\\.\\d+|5\\.4\\.(1[0-4]|[0-9])|6\\.0\\.(1[01]|[0-9])|6\\.1\\.[01]|6\\.2\\.[0-2])"', PosixPath('client/package.json'), 'config..semgrep.replit-rules.javascript.vite.security.audit.vite-vulnerability-check') match_id = f8b678cf862dbdd87932ab20195dc4ee8a7e0f4686fee4d59cf44134ce538cbe5d5fe1fda31caa0fb7f0906e6736a1f4b2ef02b9e5ace2c567c764a86a7d5e1c_0
2025-06-26 13:08:26,334 - semgrep.rule_match - DEBUG - match_key = ('', PosixPath('client/src/pages/trips-calendar.tsx'), 'config..semgrep.vendored-rules.javascript.browser.security.js-open-redirect-from-function') match_id = c1f4f0f404910fbccd299fa0eea705ae6f4485914596024e0ec8075b4affc992ce788275d315921309e89352fa886a9f17f2935b2eb485e33a74645954d34b47_0
2025-06-26 13:08:26,334 - semgrep.rule_match - DEBUG - match_key = ('"..." + $VALUE\n `...${$VALUE}`\n ``/trips/event.tripId/activities` ``/trips/event.tripId/activities` location.href = ``/trips/event.tripId/activities` location.replace(``/trips/event.tripId/activities`) this.location.href = ``/trips/event.tripId/activities` this.location.replace(``/trips/event.tripId/activities`) this.window.location.href = ``/trips/event.tripId/activities` this.window.location.replace(``/trips/event.tripId/activities`) window.location.href = ``/trips/event.tripId/activities` window.location.replace(``/trips/event.tripId/activities`) event function ... (..., event, ...) { ... }\n', PosixPath('client/src/pages/trips-calendar.tsx'), 'config..semgrep.vendored-rules.javascript.browser.security.js-open-redirect-from-function') match_id = 5ac3197fa71f1dc54051ef4254e2a61c60243a103ee348edd93ec34d776a5e8af3430346db6f828717438935566517beb6e05a41c6ffe25c2b724164df8bd035_0
2025-06-26 13:08:26,335 - semgrep.rule_match - DEBUG - match_key = ('"..." + $VALUE\n `...${$VALUE}`\n ``/trips/event.tripId/activities` ``/trips/event.tripId/activities` location.href = ``/trips/event.tripId/activities` location.replace(``/trips/event.tripId/activities`) this.location.href = ``/trips/event.tripId/activities` this.location.replace(``/trips/event.tripId/activities`) this.window.location.href = ``/trips/event.tripId/activities` this.window.location.replace(``/trips/event.tripId/activities`) window.location.href = ``/trips/event.tripId/activities` window.location.replace(``/trips/event.tripId/activities`) event function ... (..., event, ...) { ... }\n', PosixPath('client/src/pages/trips-calendar.tsx'), 'config..semgrep.vendored-rules.javascript.browser.security.js-open-redirect-from-function') match_id = 5ac3197fa71f1dc54051ef4254e2a61c60243a103ee348edd93ec34d776a5e8af3430346db6f828717438935566517beb6e05a41c6ffe25c2b724164df8bd035_0
2025-06-26 13:08:26,336 - semgrep.rule_match - DEBUG - match_key = ('"..." + $VALUE\n `...${$VALUE}`\n ``/trips/event.tripId/activities` ``/trips/event.tripId/activities` location.href = ``/trips/event.tripId/activities` location.replace(``/trips/event.tripId/activities`) this.location.href = ``/trips/event.tripId/activities` this.location.replace(``/trips/event.tripId/activities`) this.window.location.href = ``/trips/event.tripId/activities` this.window.location.replace(``/trips/event.tripId/activities`) window.location.href = ``/trips/event.tripId/activities` window.location.replace(``/trips/event.tripId/activities`) event function ... (..., event, ...) { ... }\n', PosixPath('client/src/pages/trips-calendar.tsx'), 'config..semgrep.vendored-rules.javascript.browser.security.js-open-redirect-from-function') match_id = 5ac3197fa71f1dc54051ef4254e2a61c60243a103ee348edd93ec34d776a5e8af3430346db6f828717438935566517beb6e05a41c6ffe25c2b724164df8bd035_0
2025-06-26 13:08:26,336 - semgrep.rule_match - DEBUG - match_key = ('', PosixPath('client/src/pages/trips-calendar.tsx'), 'config..semgrep.vendored-rules.javascript.browser.security.js-open-redirect-from-function') match_id = c1f4f0f404910fbccd299fa0eea705ae6f4485914596024e0ec8075b4affc992ce788275d315921309e89352fa886a9f17f2935b2eb485e33a74645954d34b47_0
2025-06-26 13:08:26,337 - semgrep.rule_match - DEBUG - match_key = ('"..." + $VALUE\n `...${$VALUE}`\n event.type===\'trip\'``/trips/event.id```/trips/event.tripId/activities` event.type===\'trip\'``/trips/event.id```/trips/event.tripId/activities` location.href = event.type===\'trip\'``/trips/event.id```/trips/event.tripId/activities` location.replace(event.type===\'trip\'``/trips/event.id```/trips/event.tripId/activities`) this.location.href = event.type===\'trip\'``/trips/event.id```/trips/event.tripId/activities` this.location.replace(event.type===\'trip\'``/trips/event.id```/trips/event.tripId/activities`) this.window.location.href = event.type===\'trip\'``/trips/event.id```/trips/event.tripId/activities` this.window.location.replace(event.type===\'trip\'``/trips/event.id```/trips/event.tripId/activities`) window.location.href = event.type===\'trip\'``/trips/event.id```/trips/event.tripId/activities` window.location.replace(event.type===\'trip\'``/trips/event.id```/trips/event.tripId/activities`) event function ... (..., event, ...) { ... }\n', PosixPath('client/src/pages/trips-calendar.tsx'), 'config..semgrep.vendored-rules.javascript.browser.security.js-open-redirect-from-function') match_id = 9d40b287a47d8746149a63038344b3d0d81edbfc911042d4c5fb060c1eba13611d456784ecf911e8816a1dc49743a41cf3009f3977d8d4b8e25caf957979e1c8_0
2025-06-26 13:08:26,337 - semgrep.rule_match - DEBUG - match_key = ('"..." + $VALUE\n `...${$VALUE}`\n event.type===\'trip\'``/trips/event.id```/trips/event.tripId/activities` event.type===\'trip\'``/trips/event.id```/trips/event.tripId/activities` location.href = event.type===\'trip\'``/trips/event.id```/trips/event.tripId/activities` location.replace(event.type===\'trip\'``/trips/event.id```/trips/event.tripId/activities`) this.location.href = event.type===\'trip\'``/trips/event.id```/trips/event.tripId/activities` this.location.replace(event.type===\'trip\'``/trips/event.id```/trips/event.tripId/activities`) this.window.location.href = event.type===\'trip\'``/trips/event.id```/trips/event.tripId/activities` this.window.location.replace(event.type===\'trip\'``/trips/event.id```/trips/event.tripId/activities`) window.location.href = event.type===\'trip\'``/trips/event.id```/trips/event.tripId/activities` window.location.replace(event.type===\'trip\'``/trips/event.id```/trips/event.tripId/activities`) event function ... (..., event, ...) { ... }\n', PosixPath('client/src/pages/trips-calendar.tsx'), 'config..semgrep.vendored-rules.javascript.browser.security.js-open-redirect-from-function') match_id = 9d40b287a47d8746149a63038344b3d0d81edbfc911042d4c5fb060c1eba13611d456784ecf911e8816a1dc49743a41cf3009f3977d8d4b8e25caf957979e1c8_0
2025-06-26 13:08:26,338 - semgrep.rule_match - DEBUG - match_key = ('"..." + $VALUE\n `...${$VALUE}`\n event.type===\'trip\'``/trips/event.id```/trips/event.tripId/activities` event.type===\'trip\'``/trips/event.id```/trips/event.tripId/activities` location.href = event.type===\'trip\'``/trips/event.id```/trips/event.tripId/activities` location.replace(event.type===\'trip\'``/trips/event.id```/trips/event.tripId/activities`) this.location.href = event.type===\'trip\'``/trips/event.id```/trips/event.tripId/activities` this.location.replace(event.type===\'trip\'``/trips/event.id```/trips/event.tripId/activities`) this.window.location.href = event.type===\'trip\'``/trips/event.id```/trips/event.tripId/activities` this.window.location.replace(event.type===\'trip\'``/trips/event.id```/trips/event.tripId/activities`) window.location.href = event.type===\'trip\'``/trips/event.id```/trips/event.tripId/activities` window.location.replace(event.type===\'trip\'``/trips/event.id```/trips/event.tripId/activities`) event function ... (..., event, ...) { ... }\n', PosixPath('client/src/pages/trips-calendar.tsx'), 'config..semgrep.vendored-rules.javascript.browser.security.js-open-redirect-from-function') match_id = 9d40b287a47d8746149a63038344b3d0d81edbfc911042d4c5fb060c1eba13611d456784ecf911e8816a1dc49743a41cf3009f3977d8d4b8e25caf957979e1c8_0
2025-06-26 13:08:26,339 - semgrep.rule_match - DEBUG - match_key = ('', PosixPath('client/src/pages/trips-calendar.tsx'), 'config..semgrep.vendored-rules.javascript.browser.security.js-open-redirect-from-function') match_id = c1f4f0f404910fbccd299fa0eea705ae6f4485914596024e0ec8075b4affc992ce788275d315921309e89352fa886a9f17f2935b2eb485e33a74645954d34b47_0
2025-06-26 13:08:26,339 - semgrep.rule_match - DEBUG - match_key = ('"..." + $VALUE\n `...${$VALUE}`\n event.type===\'trip\'``/trips/event.id```/trips/event.tripId/activities` event.type===\'trip\'``/trips/event.id```/trips/event.tripId/activities` location.href = event.type===\'trip\'``/trips/event.id```/trips/event.tripId/activities` location.replace(event.type===\'trip\'``/trips/event.id```/trips/event.tripId/activities`) this.location.href = event.type===\'trip\'``/trips/event.id```/trips/event.tripId/activities` this.location.replace(event.type===\'trip\'``/trips/event.id```/trips/event.tripId/activities`) this.window.location.href = event.type===\'trip\'``/trips/event.id```/trips/event.tripId/activities` this.window.location.replace(event.type===\'trip\'``/trips/event.id```/trips/event.tripId/activities`) window.location.href = event.type===\'trip\'``/trips/event.id```/trips/event.tripId/activities` window.location.replace(event.type===\'trip\'``/trips/event.id```/trips/event.tripId/activities`) event function ... (..., event, ...) { ... }\n', PosixPath('client/src/pages/trips-calendar.tsx'), 'config..semgrep.vendored-rules.javascript.browser.security.js-open-redirect-from-function') match_id = 9d40b287a47d8746149a63038344b3d0d81edbfc911042d4c5fb060c1eba13611d456784ecf911e8816a1dc49743a41cf3009f3977d8d4b8e25caf957979e1c8_0
2025-06-26 13:08:26,340 - semgrep.rule_match - DEBUG - match_key = ('"..." + $VALUE\n `...${$VALUE}`\n event.type===\'trip\'``/trips/event.id```/trips/event.tripId/activities` event.type===\'trip\'``/trips/event.id```/trips/event.tripId/activities` location.href = event.type===\'trip\'``/trips/event.id```/trips/event.tripId/activities` location.replace(event.type===\'trip\'``/trips/event.id```/trips/event.tripId/activities`) this.location.href = event.type===\'trip\'``/trips/event.id```/trips/event.tripId/activities` this.location.replace(event.type===\'trip\'``/trips/event.id```/trips/event.tripId/activities`) this.window.location.href = event.type===\'trip\'``/trips/event.id```/trips/event.tripId/activities` this.window.location.replace(event.type===\'trip\'``/trips/event.id```/trips/event.tripId/activities`) window.location.href = event.type===\'trip\'``/trips/event.id```/trips/event.tripId/activities` window.location.replace(event.type===\'trip\'``/trips/event.id```/trips/event.tripId/activities`) event function ... (..., event, ...) { ... }\n', PosixPath('client/src/pages/trips-calendar.tsx'), 'config..semgrep.vendored-rules.javascript.browser.security.js-open-redirect-from-function') match_id = 9d40b287a47d8746149a63038344b3d0d81edbfc911042d4c5fb060c1eba13611d456784ecf911e8816a1dc49743a41cf3009f3977d8d4b8e25caf957979e1c8_0
2025-06-26 13:08:26,341 - semgrep.rule_match - DEBUG - match_key = ('"..." + $VALUE\n `...${$VALUE}`\n event.type===\'trip\'``/trips/event.id```/trips/event.tripId/activities` event.type===\'trip\'``/trips/event.id```/trips/event.tripId/activities` location.href = event.type===\'trip\'``/trips/event.id```/trips/event.tripId/activities` location.replace(event.type===\'trip\'``/trips/event.id```/trips/event.tripId/activities`) this.location.href = event.type===\'trip\'``/trips/event.id```/trips/event.tripId/activities` this.location.replace(event.type===\'trip\'``/trips/event.id```/trips/event.tripId/activities`) this.window.location.href = event.type===\'trip\'``/trips/event.id```/trips/event.tripId/activities` this.window.location.replace(event.type===\'trip\'``/trips/event.id```/trips/event.tripId/activities`) window.location.href = event.type===\'trip\'``/trips/event.id```/trips/event.tripId/activities` window.location.replace(event.type===\'trip\'``/trips/event.id```/trips/event.tripId/activities`) event function ... (..., event, ...) { ... }\n', PosixPath('client/src/pages/trips-calendar.tsx'), 'config..semgrep.vendored-rules.javascript.browser.security.js-open-redirect-from-function') match_id = 9d40b287a47d8746149a63038344b3d0d81edbfc911042d4c5fb060c1eba13611d456784ecf911e8816a1dc49743a41cf3009f3977d8d4b8e25caf957979e1c8_1
2025-06-26 13:08:26,342 - semgrep.rule_match - DEBUG - match_key = ('', PosixPath('client/src/pages/trips-calendar.tsx'), 'config..semgrep.vendored-rules.javascript.browser.security.js-open-redirect-from-function') match_id = c1f4f0f404910fbccd299fa0eea705ae6f4485914596024e0ec8075b4affc992ce788275d315921309e89352fa886a9f17f2935b2eb485e33a74645954d34b47_0
2025-06-26 13:08:26,343 - semgrep.rule_match - DEBUG - match_key = ('"..." + $VALUE\n `...${$VALUE}`\n event.type===\'trip\'``/trips/event.id```/trips/event.tripId/activities` event.type===\'trip\'``/trips/event.id```/trips/event.tripId/activities` location.href = event.type===\'trip\'``/trips/event.id```/trips/event.tripId/activities` location.replace(event.type===\'trip\'``/trips/event.id```/trips/event.tripId/activities`) this.location.href = event.type===\'trip\'``/trips/event.id```/trips/event.tripId/activities` this.location.replace(event.type===\'trip\'``/trips/event.id```/trips/event.tripId/activities`) this.window.location.href = event.type===\'trip\'``/trips/event.id```/trips/event.tripId/activities` this.window.location.replace(event.type===\'trip\'``/trips/event.id```/trips/event.tripId/activities`) window.location.href = event.type===\'trip\'``/trips/event.id```/trips/event.tripId/activities` window.location.replace(event.type===\'trip\'``/trips/event.id```/trips/event.tripId/activities`) event function ... (..., event, ...) { ... }\n', PosixPath('client/src/pages/trips-calendar.tsx'), 'config..semgrep.vendored-rules.javascript.browser.security.js-open-redirect-from-function') match_id = 9d40b287a47d8746149a63038344b3d0d81edbfc911042d4c5fb060c1eba13611d456784ecf911e8816a1dc49743a41cf3009f3977d8d4b8e25caf957979e1c8_0
2025-06-26 13:08:26,343 - semgrep.rule_match - DEBUG - match_key = ('"..." + $VALUE\n `...${$VALUE}`\n event.type===\'trip\'``/trips/event.id```/trips/event.tripId/activities` event.type===\'trip\'``/trips/event.id```/trips/event.tripId/activities` location.href = event.type===\'trip\'``/trips/event.id```/trips/event.tripId/activities` location.replace(event.type===\'trip\'``/trips/event.id```/trips/event.tripId/activities`) this.location.href = event.type===\'trip\'``/trips/event.id```/trips/event.tripId/activities` this.location.replace(event.type===\'trip\'``/trips/event.id```/trips/event.tripId/activities`) this.window.location.href = event.type===\'trip\'``/trips/event.id```/trips/event.tripId/activities` this.window.location.replace(event.type===\'trip\'``/trips/event.id```/trips/event.tripId/activities`) window.location.href = event.type===\'trip\'``/trips/event.id```/trips/event.tripId/activities` window.location.replace(event.type===\'trip\'``/trips/event.id```/trips/event.tripId/activities`) event function ... (..., event, ...) { ... }\n', PosixPath('client/src/pages/trips-calendar.tsx'), 'config..semgrep.vendored-rules.javascript.browser.security.js-open-redirect-from-function') match_id = 9d40b287a47d8746149a63038344b3d0d81edbfc911042d4c5fb060c1eba13611d456784ecf911e8816a1dc49743a41cf3009f3977d8d4b8e25caf957979e1c8_0
2025-06-26 13:08:26,344 - semgrep.rule_match - DEBUG - match_key = ('"..." + $VALUE\n `...${$VALUE}`\n event.type===\'trip\'``/trips/event.id```/trips/event.tripId/activities` event.type===\'trip\'``/trips/event.id```/trips/event.tripId/activities` location.href = event.type===\'trip\'``/trips/event.id```/trips/event.tripId/activities` location.replace(event.type===\'trip\'``/trips/event.id```/trips/event.tripId/activities`) this.location.href = event.type===\'trip\'``/trips/event.id```/trips/event.tripId/activities` this.location.replace(event.type===\'trip\'``/trips/event.id```/trips/event.tripId/activities`) this.window.location.href = event.type===\'trip\'``/trips/event.id```/trips/event.tripId/activities` this.window.location.replace(event.type===\'trip\'``/trips/event.id```/trips/event.tripId/activities`) window.location.href = event.type===\'trip\'``/trips/event.id```/trips/event.tripId/activities` window.location.replace(event.type===\'trip\'``/trips/event.id```/trips/event.tripId/activities`) event function ... (..., event, ...) { ... }\n', PosixPath('client/src/pages/trips-calendar.tsx'), 'config..semgrep.vendored-rules.javascript.browser.security.js-open-redirect-from-function') match_id = 9d40b287a47d8746149a63038344b3d0d81edbfc911042d4c5fb060c1eba13611d456784ecf911e8816a1dc49743a41cf3009f3977d8d4b8e25caf957979e1c8_2
2025-06-26 13:08:26,345 - semgrep.rule_match - DEBUG - match_key = ('', PosixPath('package.json'), 'config..semgrep.replit-rules.javascript.vite.security.audit.vite-vulnerability-check') match_id = a4e4b5dce58f34c9a1496689f4ee2efa0e67ebc4efa58d98fa1c3681eda9b6c475bc40ced4bc29c5d7b65d46ec30497fcaa721bd15ad973945b92cdfd84d35a6_0
2025-06-26 13:08:26,345 - semgrep.rule_match - DEBUG - match_key = ('"_shrinkwrap": {\n  ...\n} "dependencies": {\n  ...\n}\n "devDependencies": {\n  ...\n}\n "optionalDependencies": {\n  ...\n}\n "peerDependencies": {\n  ...\n}\n "vite"\\s*:\\s*"(latest|>=\\s*[0-6]\\.\\d+\\.\\d+)" "vite"\\s*:\\s*"[\\^~]?4\\.([0-4]\\.\\d+|5\\.[0-9])" "vite"\\s*:\\s*"[\\^~]?5\\.([0-3]\\.\\d+|4\\.(1[0-4]|[0-9]))" "vite"\\s*:\\s*"[\\^~]?6\\.0\\.(1[01]|[0-9])" "vite"\\s*:\\s*"[\\^~]?6\\.1\\.[01]" "vite"\\s*:\\s*"[\\^~]?6\\.2\\.[0-2]" "vite"\\s*:\\s*"\\^([0-4]\\.\\d+\\.\\d+|5\\.[0-3]\\.\\d+|5\\.4\\.(1[0-4]|[0-9])|6\\.0\\.(1[01]|[0-9])|6\\.1\\.[01]|6\\.2\\.[0-2])" "vite"\\s*:\\s*"~([0-4]\\.\\d+\\.\\d+|5\\.[0-3]\\.\\d+|5\\.4\\.(1[0-4]|[0-9])|6\\.0\\.(1[01]|[0-9])|6\\.1\\.[01]|6\\.2\\.[0-2])"', PosixPath('package.json'), 'config..semgrep.replit-rules.javascript.vite.security.audit.vite-vulnerability-check') match_id = 28eb374c3c740c790f5827e8a2209da8325485de4b8e9178600cafd6259681cb5e8fa9ebdb5fb1cf1d426e79a2585b7c333a923524b34abd54d5c492254b88bf_0
2025-06-26 13:08:26,346 - semgrep.rule_match - DEBUG - match_key = ('"_shrinkwrap": {\n  ...\n} "dependencies": {\n  ...\n}\n "devDependencies": {\n  ...\n}\n "optionalDependencies": {\n  ...\n}\n "peerDependencies": {\n  ...\n}\n "vite"\\s*:\\s*"(latest|>=\\s*[0-6]\\.\\d+\\.\\d+)" "vite"\\s*:\\s*"[\\^~]?4\\.([0-4]\\.\\d+|5\\.[0-9])" "vite"\\s*:\\s*"[\\^~]?5\\.([0-3]\\.\\d+|4\\.(1[0-4]|[0-9]))" "vite"\\s*:\\s*"[\\^~]?6\\.0\\.(1[01]|[0-9])" "vite"\\s*:\\s*"[\\^~]?6\\.1\\.[01]" "vite"\\s*:\\s*"[\\^~]?6\\.2\\.[0-2]" "vite"\\s*:\\s*"\\^([0-4]\\.\\d+\\.\\d+|5\\.[0-3]\\.\\d+|5\\.4\\.(1[0-4]|[0-9])|6\\.0\\.(1[01]|[0-9])|6\\.1\\.[01]|6\\.2\\.[0-2])" "vite"\\s*:\\s*"~([0-4]\\.\\d+\\.\\d+|5\\.[0-3]\\.\\d+|5\\.4\\.(1[0-4]|[0-9])|6\\.0\\.(1[01]|[0-9])|6\\.1\\.[01]|6\\.2\\.[0-2])"', PosixPath('package.json'), 'config..semgrep.replit-rules.javascript.vite.security.audit.vite-vulnerability-check') match_id = 28eb374c3c740c790f5827e8a2209da8325485de4b8e9178600cafd6259681cb5e8fa9ebdb5fb1cf1d426e79a2585b7c333a923524b34abd54d5c492254b88bf_0
2025-06-26 13:08:26,346 - semgrep.rule_match - DEBUG - match_key = ('"_shrinkwrap": {\n  ...\n} "dependencies": {\n  ...\n}\n "devDependencies": {\n  ...\n}\n "optionalDependencies": {\n  ...\n}\n "peerDependencies": {\n  ...\n}\n "vite"\\s*:\\s*"(latest|>=\\s*[0-6]\\.\\d+\\.\\d+)" "vite"\\s*:\\s*"[\\^~]?4\\.([0-4]\\.\\d+|5\\.[0-9])" "vite"\\s*:\\s*"[\\^~]?5\\.([0-3]\\.\\d+|4\\.(1[0-4]|[0-9]))" "vite"\\s*:\\s*"[\\^~]?6\\.0\\.(1[01]|[0-9])" "vite"\\s*:\\s*"[\\^~]?6\\.1\\.[01]" "vite"\\s*:\\s*"[\\^~]?6\\.2\\.[0-2]" "vite"\\s*:\\s*"\\^([0-4]\\.\\d+\\.\\d+|5\\.[0-3]\\.\\d+|5\\.4\\.(1[0-4]|[0-9])|6\\.0\\.(1[01]|[0-9])|6\\.1\\.[01]|6\\.2\\.[0-2])" "vite"\\s*:\\s*"~([0-4]\\.\\d+\\.\\d+|5\\.[0-3]\\.\\d+|5\\.4\\.(1[0-4]|[0-9])|6\\.0\\.(1[01]|[0-9])|6\\.1\\.[01]|6\\.2\\.[0-2])"', PosixPath('package.json'), 'config..semgrep.replit-rules.javascript.vite.security.audit.vite-vulnerability-check') match_id = 28eb374c3c740c790f5827e8a2209da8325485de4b8e9178600cafd6259681cb5e8fa9ebdb5fb1cf1d426e79a2585b7c333a923524b34abd54d5c492254b88bf_0
2025-06-26 13:08:26,347 - semgrep.rule_match - DEBUG - match_key = ('', PosixPath('server/db.ts'), 'config..semgrep.vendored-rules.problem-based-packs.insecure-transport.js-node.bypass-tls-verification') match_id = d5e12880073f80f6f2602ac578b07742cc484be6ac5bdf938282d5a4dd3fdb47a189eb5fd287390b39d305c01dbc64417f1f176298a6151ef3d741b43370f3b2_0
2025-06-26 13:08:26,347 - semgrep.rule_match - DEBUG - match_key = ('process.env["NODE_TLS_REJECT_UNAUTHORIZED"] = 0;\n {rejectUnauthorized:false}\n', PosixPath('server/db.ts'), 'config..semgrep.vendored-rules.problem-based-packs.insecure-transport.js-node.bypass-tls-verification') match_id = a9fcfd5bd156b6a3d4b5dc119c8fd62c8f744fac88a2cfb67b3155240fb58418ae86b87e557e05715abf60a7f2f71701ca5a7d436521558736b2195006ed8248_0
2025-06-26 13:08:26,348 - semgrep.rule_match - DEBUG - match_key = ('process.env["NODE_TLS_REJECT_UNAUTHORIZED"] = 0;\n {rejectUnauthorized:false}\n', PosixPath('server/db.ts'), 'config..semgrep.vendored-rules.problem-based-packs.insecure-transport.js-node.bypass-tls-verification') match_id = a9fcfd5bd156b6a3d4b5dc119c8fd62c8f744fac88a2cfb67b3155240fb58418ae86b87e557e05715abf60a7f2f71701ca5a7d436521558736b2195006ed8248_0
2025-06-26 13:08:26,348 - semgrep.rule_match - DEBUG - match_key = ('process.env["NODE_TLS_REJECT_UNAUTHORIZED"] = 0;\n {rejectUnauthorized:false}\n', PosixPath('server/db.ts'), 'config..semgrep.vendored-rules.problem-based-packs.insecure-transport.js-node.bypass-tls-verification') match_id = a9fcfd5bd156b6a3d4b5dc119c8fd62c8f744fac88a2cfb67b3155240fb58418ae86b87e557e05715abf60a7f2f71701ca5a7d436521558736b2195006ed8248_0
2025-06-26 13:08:26,349 - semgrep.rule_match - DEBUG - match_key = ('', PosixPath('server/routes.ts'), 'config..semgrep.vendored-rules.javascript.express.security.cors-misconfiguration') match_id = 8efee3ffd32b97fbda4b00e9da5df02d25390e67a8bc426c31122f5e8ff31e7f8c7c87bb44b16ee2a2dbf0accd0925927e4e803b5c14b1592cc4b8a34bb4341c_0
2025-06-26 13:08:26,349 - semgrep.rule_match - DEBUG - match_key = ("$APP.$METHOD(..., function $FUNC(req, res) {...}) $APP.$METHOD(..., function $FUNC(req, res, next) {...}) $METHOD ^(get|post|put|head|delete|options)$ function ... (req, res) {...} function ... (req, res, next) {...} req.body req.cookies req.headers req.params req.query req ({ req }: Request,res: Response) => {...}\n ({ req }: Request,res: Response, next: NextFunction) =>\n{...}\n body cookies headers params query 'Access-Control-Allow-Origin' .*(Access-Control-Allow-Origin|access-control-allow-origin).* res.header('Access-Control-Allow-Origin', origin) res.set('Access-Control-Allow-Origin', origin) res.set({'Access-Control-Allow-Origin': origin}, ...)\n res.setHeader('Access-Control-Allow-Origin', origin) res.writeHead($STATUS, {'Access-Control-Allow-Origin': origin}, ...)\n origin", PosixPath('server/routes.ts'), 'config..semgrep.vendored-rules.javascript.express.security.cors-misconfiguration') match_id = 76f5861a38da784111b20a5809e54768fb7198f3bfba4e408183e5b1dc22f5cb0c5953d189bdb9072a88f8d717aacc1777e77fbc16fbd139f81d80e6afdba0c8_0
2025-06-26 13:08:26,350 - semgrep.rule_match - DEBUG - match_key = ("$APP.$METHOD(..., function $FUNC(req, res) {...}) $APP.$METHOD(..., function $FUNC(req, res, next) {...}) $METHOD ^(get|post|put|head|delete|options)$ function ... (req, res) {...} function ... (req, res, next) {...} req.body req.cookies req.headers req.params req.query req ({ req }: Request,res: Response) => {...}\n ({ req }: Request,res: Response, next: NextFunction) =>\n{...}\n body cookies headers params query 'Access-Control-Allow-Origin' .*(Access-Control-Allow-Origin|access-control-allow-origin).* res.header('Access-Control-Allow-Origin', origin) res.set('Access-Control-Allow-Origin', origin) res.set({'Access-Control-Allow-Origin': origin}, ...)\n res.setHeader('Access-Control-Allow-Origin', origin) res.writeHead($STATUS, {'Access-Control-Allow-Origin': origin}, ...)\n origin", PosixPath('server/routes.ts'), 'config..semgrep.vendored-rules.javascript.express.security.cors-misconfiguration') match_id = 76f5861a38da784111b20a5809e54768fb7198f3bfba4e408183e5b1dc22f5cb0c5953d189bdb9072a88f8d717aacc1777e77fbc16fbd139f81d80e6afdba0c8_0
2025-06-26 13:08:26,350 - semgrep.rule_match - DEBUG - match_key = ("$APP.$METHOD(..., function $FUNC(req, res) {...}) $APP.$METHOD(..., function $FUNC(req, res, next) {...}) $METHOD ^(get|post|put|head|delete|options)$ function ... (req, res) {...} function ... (req, res, next) {...} req.body req.cookies req.headers req.params req.query req ({ req }: Request,res: Response) => {...}\n ({ req }: Request,res: Response, next: NextFunction) =>\n{...}\n body cookies headers params query 'Access-Control-Allow-Origin' .*(Access-Control-Allow-Origin|access-control-allow-origin).* res.header('Access-Control-Allow-Origin', origin) res.set('Access-Control-Allow-Origin', origin) res.set({'Access-Control-Allow-Origin': origin}, ...)\n res.setHeader('Access-Control-Allow-Origin', origin) res.writeHead($STATUS, {'Access-Control-Allow-Origin': origin}, ...)\n origin", PosixPath('server/routes.ts'), 'config..semgrep.vendored-rules.javascript.express.security.cors-misconfiguration') match_id = 76f5861a38da784111b20a5809e54768fb7198f3bfba4e408183e5b1dc22f5cb0c5953d189bdb9072a88f8d717aacc1777e77fbc16fbd139f81d80e6afdba0c8_0
2025-06-26 13:08:26,351 - semgrep.rule_match - DEBUG - match_key = ('', PosixPath('server/routes.ts'), 'config..semgrep.vendored-rules.javascript.express.security.audit.xss.direct-response-write') match_id = d5b6572ba4a994be33354fc771ff986d84c39f857ddb63dde87c25abb2461180b6f49aea3419a80261e5ae5bcbbc109d205b44eeb07f38d84b62ac01a6346f17_0
2025-06-26 13:08:26,352 - semgrep.rule_match - DEBUG - match_key = ("router.post(..., function $FUNC(req, res) {\n    ...\n    res.$SET('Content-Type', '$TYPE')\n})\n router.post(..., function $FUNC(req, res) {\n    ...\n    res.set('$TYPE')\n})\n router.post(..., function $FUNC(req, res) {...}) post ^(get|post|put|head|delete|options) function ... (req, res) {...} function ... (req, res, $NEXT) {...} req.body req.params req.query function ... (req, res) {\n    ...\n    res.$SET('Content-Type', '$TYPE')\n}\n function ... (req, res) {\n    ...\n    res.set('$TYPE')\n}\n function ... (req, res, $NEXT) {\n    ...\n    res.$SET('Content-Type', '$TYPE')\n}\n function ... (req, res, $NEXT) {\n    ...\n    res.set('$TYPE')\n}\n req ({ req }: Request,res: Response) => {\n    ...\n    res.$SET('Content-Type', '$TYPE')\n}\n ({ req }: Request,res: Response) => {...}\n ({ req }: Request,res: Response, $NEXT: NextFunction) =>\n{...}\n ({ req }: Request,res: Response, $NEXT: NextFunction) =>\n{\n    ...\n    res.$SET('Content-Type', '$TYPE')\n}\n ({ req }: Request,res: Response, $NEXT: NextFunction) =>\n{\n    ...\n    res.set('$TYPE')\n}\n body params query JSON.stringify({type'new_message'data formattedMessage}) res. ... .set('...'). ... .send(JSON.stringify({type'new_message'data formattedMessage})) res. ... .type('...'). ... .send(JSON.stringify({type'new_message'data formattedMessage})) res.post({ ... }) res.send(JSON.stringify({type'new_message'data formattedMessage})) res.write(JSON.stringify({type'new_message'data formattedMessage})) function ... (..., res,...) {...}", PosixPath('server/routes.ts'), 'config..semgrep.vendored-rules.javascript.express.security.audit.xss.direct-response-write') match_id = bc6bb6c87705f15d09a79385476bb50e240b765d1af3e7116b56e0e473765362e0bfe64470067b0d15852b187a84e06182a700b383e3b1bf099b9acd8b4a076a_0
2025-06-26 13:08:26,353 - semgrep.rule_match - DEBUG - match_key = ("router.post(..., function $FUNC(req, res) {\n    ...\n    res.$SET('Content-Type', '$TYPE')\n})\n router.post(..., function $FUNC(req, res) {\n    ...\n    res.set('$TYPE')\n})\n router.post(..., function $FUNC(req, res) {...}) post ^(get|post|put|head|delete|options) function ... (req, res) {...} function ... (req, res, $NEXT) {...} req.body req.params req.query function ... (req, res) {\n    ...\n    res.$SET('Content-Type', '$TYPE')\n}\n function ... (req, res) {\n    ...\n    res.set('$TYPE')\n}\n function ... (req, res, $NEXT) {\n    ...\n    res.$SET('Content-Type', '$TYPE')\n}\n function ... (req, res, $NEXT) {\n    ...\n    res.set('$TYPE')\n}\n req ({ req }: Request,res: Response) => {\n    ...\n    res.$SET('Content-Type', '$TYPE')\n}\n ({ req }: Request,res: Response) => {...}\n ({ req }: Request,res: Response, $NEXT: NextFunction) =>\n{...}\n ({ req }: Request,res: Response, $NEXT: NextFunction) =>\n{\n    ...\n    res.$SET('Content-Type', '$TYPE')\n}\n ({ req }: Request,res: Response, $NEXT: NextFunction) =>\n{\n    ...\n    res.set('$TYPE')\n}\n body params query JSON.stringify({type'new_message'data formattedMessage}) res. ... .set('...'). ... .send(JSON.stringify({type'new_message'data formattedMessage})) res. ... .type('...'). ... .send(JSON.stringify({type'new_message'data formattedMessage})) res.post({ ... }) res.send(JSON.stringify({type'new_message'data formattedMessage})) res.write(JSON.stringify({type'new_message'data formattedMessage})) function ... (..., res,...) {...}", PosixPath('server/routes.ts'), 'config..semgrep.vendored-rules.javascript.express.security.audit.xss.direct-response-write') match_id = bc6bb6c87705f15d09a79385476bb50e240b765d1af3e7116b56e0e473765362e0bfe64470067b0d15852b187a84e06182a700b383e3b1bf099b9acd8b4a076a_0
2025-06-26 13:08:26,354 - semgrep.rule_match - DEBUG - match_key = ("router.post(..., function $FUNC(req, res) {\n    ...\n    res.$SET('Content-Type', '$TYPE')\n})\n router.post(..., function $FUNC(req, res) {\n    ...\n    res.set('$TYPE')\n})\n router.post(..., function $FUNC(req, res) {...}) post ^(get|post|put|head|delete|options) function ... (req, res) {...} function ... (req, res, $NEXT) {...} req.body req.params req.query function ... (req, res) {\n    ...\n    res.$SET('Content-Type', '$TYPE')\n}\n function ... (req, res) {\n    ...\n    res.set('$TYPE')\n}\n function ... (req, res, $NEXT) {\n    ...\n    res.$SET('Content-Type', '$TYPE')\n}\n function ... (req, res, $NEXT) {\n    ...\n    res.set('$TYPE')\n}\n req ({ req }: Request,res: Response) => {\n    ...\n    res.$SET('Content-Type', '$TYPE')\n}\n ({ req }: Request,res: Response) => {...}\n ({ req }: Request,res: Response, $NEXT: NextFunction) =>\n{...}\n ({ req }: Request,res: Response, $NEXT: NextFunction) =>\n{\n    ...\n    res.$SET('Content-Type', '$TYPE')\n}\n ({ req }: Request,res: Response, $NEXT: NextFunction) =>\n{\n    ...\n    res.set('$TYPE')\n}\n body params query JSON.stringify({type'new_message'data formattedMessage}) res. ... .set('...'). ... .send(JSON.stringify({type'new_message'data formattedMessage})) res. ... .type('...'). ... .send(JSON.stringify({type'new_message'data formattedMessage})) res.post({ ... }) res.send(JSON.stringify({type'new_message'data formattedMessage})) res.write(JSON.stringify({type'new_message'data formattedMessage})) function ... (..., res,...) {...}", PosixPath('server/routes.ts'), 'config..semgrep.vendored-rules.javascript.express.security.audit.xss.direct-response-write') match_id = bc6bb6c87705f15d09a79385476bb50e240b765d1af3e7116b56e0e473765362e0bfe64470067b0d15852b187a84e06182a700b383e3b1bf099b9acd8b4a076a_0
2025-06-26 13:08:26,356 - semgrep.core_runner - DEBUG - semgrep ran in 0:00:33.091487 on 210 files
2025-06-26 13:08:26,357 - semgrep.core_runner - DEBUG - findings summary: 5 warning, 2 error, 4 info
2025-06-26 13:08:26,360 - semgrep.app.auth - DEBUG - Getting API token from settings file
2025-06-26 13:08:26,360 - semgrep.app.auth - DEBUG - No API token found in settings file
2025-06-26 13:08:26,467 - semgrep.output - VERBOSE - 
========================================
Files skipped:
========================================

  Always skipped by Opengrep:

   • <none>

  Skipped by .gitignore:
  (Disable by passing --no-git-ignore)

   • <all files not listed by `git ls-files` were skipped>

  Skipped by .semgrepignore:
  - https://semgrep.dev/docs/ignoring-files-folders-code/#understand-semgrep-defaults

   • <none>

  Skipped by --include patterns:

   • <none>

  Skipped by --exclude patterns:

   • <none>

  Files skipped due to insufficient read permissions:

   • <none>

  Skipped by limiting to files smaller than 1000000 bytes:
  (Adjust with the --max-target-bytes flag)

   • attached_assets/IMG_7502.png
   • generated-icon.png

  Partially analyzed due to parsing or internal Opengrep errors

   • tailwind.config.ts (1 lines skipped)

2025-06-26 13:08:26,468 - semgrep.output - INFO - Some files were skipped or only partially analyzed.
  Scan was limited to files tracked by git.
  Partially scanned: 1 files only partially analyzed due to parsing or internal Opengrep errors
  Scan skipped: 2 files larger than 1.0 MB
  For a full list of skipped files, run opengrep with the --verbose flag.

Ran 437 rules on 210 files: 11 findings.
2025-06-26 13:08:26,469 - semgrep.app.version - DEBUG - Version cache does not exist
2025-06-26 13:08:26,483 - semgrep.metrics - VERBOSE - Not sending pseudonymous metrics since metrics are configured to OFF and registry usage is False
